==3423== Memcheck, a memory error detector
==3423== Copyright (C) 2002-2013, and GNU GPL'd, by Julian Seward et al.
==3423== Using Valgrind-3.10.0.SVN and LibVEX; rerun with -h for copyright info
==3423== Command: ./project3Test inputs/input5.txt output.txt
==3423== Parent PID: 3734
==3423== 
--3423-- 
--3423-- Valgrind options:
--3423--    --tool=memcheck
--3423--    --leak-check=full
--3423--    --verbose
--3423--    --log-file=memcheck.log
--3423-- Contents of /proc/version:
--3423--   Linux version 3.13.0-44-generic (buildd@lamiak) (gcc version 4.8.2 (Ubuntu 4.8.2-19ubuntu1) ) #73-Ubuntu SMP Tue Dec 16 00:22:43 UTC 2014
--3423-- Arch and hwcaps: AMD64, amd64-cx16-rdtscp-sse3
--3423-- Page sizes: currently 4096, max supported 4096
--3423-- Valgrind library directory: /usr/lib/valgrind
--3423-- Reading syms from /home/tatparya/Desktop/Projects/ECE368P3-Social-Media-Generation/project3Test
--3423-- Reading syms from /lib/x86_64-linux-gnu/ld-2.19.so
--3423--   Considering /lib/x86_64-linux-gnu/ld-2.19.so ..
--3423--   .. CRC mismatch (computed 4cbae35e wanted 8d683c31)
--3423--   Considering /usr/lib/debug/lib/x86_64-linux-gnu/ld-2.19.so ..
--3423--   .. CRC is valid
--3423-- Reading syms from /usr/lib/valgrind/memcheck-amd64-linux
--3423--   Considering /usr/lib/valgrind/memcheck-amd64-linux ..
--3423--   .. CRC mismatch (computed 37cdde19 wanted adc367dd)
--3423--    object doesn't have a symbol table
--3423--    object doesn't have a dynamic symbol table
--3423-- Scheduler: using generic scheduler lock implementation.
--3423-- Reading suppressions file: /usr/lib/valgrind/default.supp
==3423== embedded gdbserver: reading from /tmp/vgdb-pipe-from-vgdb-to-3423-by-tatparya-on-???
==3423== embedded gdbserver: writing to   /tmp/vgdb-pipe-to-vgdb-from-3423-by-tatparya-on-???
==3423== embedded gdbserver: shared mem   /tmp/vgdb-pipe-shared-mem-vgdb-3423-by-tatparya-on-???
==3423== 
==3423== TO CONTROL THIS PROCESS USING vgdb (which you probably
==3423== don't want to do, unless you know exactly what you're doing,
==3423== or are doing some strange experiment):
==3423==   /usr/lib/valgrind/../../bin/vgdb --pid=3423 ...command...
==3423== 
==3423== TO DEBUG THIS PROCESS USING GDB: start GDB like this
==3423==   /path/to/gdb ./project3Test
==3423== and then give GDB the following command
==3423==   target remote | /usr/lib/valgrind/../../bin/vgdb --pid=3423
==3423== --pid is optional if only one valgrind process is running
==3423== 
--3423-- REDIR: 0x4019ca0 (strlen) redirected to 0x38068331 (???)
--3423-- Reading syms from /usr/lib/valgrind/vgpreload_core-amd64-linux.so
--3423--   Considering /usr/lib/valgrind/vgpreload_core-amd64-linux.so ..
--3423--   .. CRC mismatch (computed 329d6860 wanted c0186920)
--3423--    object doesn't have a symbol table
--3423-- Reading syms from /usr/lib/valgrind/vgpreload_memcheck-amd64-linux.so
--3423--   Considering /usr/lib/valgrind/vgpreload_memcheck-amd64-linux.so ..
--3423--   .. CRC mismatch (computed 1fb85af8 wanted 2e9e3c16)
--3423--    object doesn't have a symbol table
==3423== WARNING: new redirection conflicts with existing -- ignoring it
--3423--     old: 0x04019ca0 (strlen              ) R-> (0000.0) 0x38068331 ???
--3423--     new: 0x04019ca0 (strlen              ) R-> (2007.0) 0x04c2e1a0 strlen
--3423-- REDIR: 0x4019a50 (index) redirected to 0x4c2dd50 (index)
--3423-- REDIR: 0x4019c70 (strcmp) redirected to 0x4c2f2f0 (strcmp)
--3423-- REDIR: 0x401a9c0 (mempcpy) redirected to 0x4c31da0 (mempcpy)
--3423-- Reading syms from /lib/x86_64-linux-gnu/libm-2.19.so
--3423--   Considering /lib/x86_64-linux-gnu/libm-2.19.so ..
--3423--   .. CRC mismatch (computed a46ef660 wanted 767bfa33)
--3423--   Considering /usr/lib/debug/lib/x86_64-linux-gnu/libm-2.19.so ..
--3423--   .. CRC is valid
--3423-- Reading syms from /lib/x86_64-linux-gnu/libc-2.19.so
--3423--   Considering /lib/x86_64-linux-gnu/libc-2.19.so ..
--3423--   .. CRC mismatch (computed dc620abc wanted 148cbd6e)
--3423--   Considering /usr/lib/debug/lib/x86_64-linux-gnu/libc-2.19.so ..
--3423--   .. CRC is valid
--3423-- REDIR: 0x51c9d60 (strcasecmp) redirected to 0x4a25720 (_vgnU_ifunc_wrapper)
--3423-- REDIR: 0x51cc050 (strncasecmp) redirected to 0x4a25720 (_vgnU_ifunc_wrapper)
--3423-- REDIR: 0x51c9530 (memcpy@GLIBC_2.2.5) redirected to 0x4a25720 (_vgnU_ifunc_wrapper)
--3423-- REDIR: 0x51c77c0 (rindex) redirected to 0x4c2da30 (rindex)
--3423-- REDIR: 0x51bf750 (malloc) redirected to 0x4c2ab10 (malloc)
--3423-- REDIR: 0x51c8410 (__GI_strstr) redirected to 0x4c32030 (__strstr_sse2)
--3423-- REDIR: 0x51c5ac0 (strlen) redirected to 0x4c2e0e0 (strlen)
--3423-- REDIR: 0x51ce780 (__GI_memcpy) redirected to 0x4c2fc90 (__GI_memcpy)
--3423-- REDIR: 0x51d0ac0 (strchrnul) redirected to 0x4c319b0 (strchrnul)
--3423-- REDIR: 0x51bfdf0 (free) redirected to 0x4c2bd80 (free)
==3423== Invalid read of size 4
==3423==    at 0x401425: insertInArray (project3.c:349)
==3423==    by 0x401224: getFriendsOfFriends (project3.c:283)
==3423==    by 0x400C5E: parseInputFile (project3.c:119)
==3423==    by 0x4009B6: main (project3.c:15)
==3423==  Address 0x5ad2e9c is 4 bytes before a block of size 2,000 alloc'd
==3423==    at 0x4C2AB80: malloc (in /usr/lib/valgrind/vgpreload_memcheck-amd64-linux.so)
==3423==    by 0x4010E1: getFriendsOfFriends (project3.c:261)
==3423==    by 0x400C5E: parseInputFile (project3.c:119)
==3423==    by 0x4009B6: main (project3.c:15)
==3423== 
==3423== Invalid read of size 4
==3423==    at 0x401425: insertInArray (project3.c:349)
==3423==    by 0x4016F1: getAvgDegreeOfSecondNode (project3.c:430)
==3423==    by 0x400C84: parseInputFile (project3.c:121)
==3423==    by 0x4009B6: main (project3.c:15)
==3423==  Address 0x5ad3ebc is 4 bytes before a block of size 2,000 alloc'd
==3423==    at 0x4C2AB80: malloc (in /usr/lib/valgrind/vgpreload_memcheck-amd64-linux.so)
==3423==    by 0x4015B9: getAvgDegreeOfSecondNode (project3.c:409)
==3423==    by 0x400C84: parseInputFile (project3.c:121)
==3423==    by 0x4009B6: main (project3.c:15)
==3423== 
==3423== Invalid read of size 4
==3423==    at 0x401425: insertInArray (project3.c:349)
==3423==    by 0x401224: getFriendsOfFriends (project3.c:283)
==3423==    by 0x400CE1: parseInputFile (project3.c:127)
==3423==    by 0x4009B6: main (project3.c:15)
==3423==  Address 0x5cccd5c is 4 bytes before a block of size 2,000 alloc'd
==3423==    at 0x4C2AB80: malloc (in /usr/lib/valgrind/vgpreload_memcheck-amd64-linux.so)
==3423==    by 0x4010E1: getFriendsOfFriends (project3.c:261)
==3423==    by 0x400CE1: parseInputFile (project3.c:127)
==3423==    by 0x4009B6: main (project3.c:15)
==3423== 
==3423== Invalid read of size 4
==3423==    at 0x401425: insertInArray (project3.c:349)
==3423==    by 0x4016F1: getAvgDegreeOfSecondNode (project3.c:430)
==3423==    by 0x400D07: parseInputFile (project3.c:129)
==3423==    by 0x4009B6: main (project3.c:15)
==3423==  Address 0x5ccdd7c is 4 bytes before a block of size 2,000 alloc'd
==3423==    at 0x4C2AB80: malloc (in /usr/lib/valgrind/vgpreload_memcheck-amd64-linux.so)
==3423==    by 0x4015B9: getAvgDegreeOfSecondNode (project3.c:409)
==3423==    by 0x400D07: parseInputFile (project3.c:129)
==3423==    by 0x4009B6: main (project3.c:15)
==3423== 
==3423== 
==3423== HEAP SUMMARY:
==3423==     in use at exit: 0 bytes in 0 blocks
==3423==   total heap usage: 3,015 allocs, 3,015 frees, 10,043,200 bytes allocated
==3423== 
==3423== All heap blocks were freed -- no leaks are possible
==3423== 
==3423== ERROR SUMMARY: 2039 errors from 4 contexts (suppressed: 0 from 0)
==3423== 
==3423== 1 errors in context 1 of 4:
==3423== Invalid read of size 4
==3423==    at 0x401425: insertInArray (project3.c:349)
==3423==    by 0x401224: getFriendsOfFriends (project3.c:283)
==3423==    by 0x400CE1: parseInputFile (project3.c:127)
==3423==    by 0x4009B6: main (project3.c:15)
==3423==  Address 0x5cccd5c is 4 bytes before a block of size 2,000 alloc'd
==3423==    at 0x4C2AB80: malloc (in /usr/lib/valgrind/vgpreload_memcheck-amd64-linux.so)
==3423==    by 0x4010E1: getFriendsOfFriends (project3.c:261)
==3423==    by 0x400CE1: parseInputFile (project3.c:127)
==3423==    by 0x4009B6: main (project3.c:15)
==3423== 
==3423== 
==3423== 2 errors in context 2 of 4:
==3423== Invalid read of size 4
==3423==    at 0x401425: insertInArray (project3.c:349)
==3423==    by 0x401224: getFriendsOfFriends (project3.c:283)
==3423==    by 0x400C5E: parseInputFile (project3.c:119)
==3423==    by 0x4009B6: main (project3.c:15)
==3423==  Address 0x5ad2e9c is 4 bytes before a block of size 2,000 alloc'd
==3423==    at 0x4C2AB80: malloc (in /usr/lib/valgrind/vgpreload_memcheck-amd64-linux.so)
==3423==    by 0x4010E1: getFriendsOfFriends (project3.c:261)
==3423==    by 0x400C5E: parseInputFile (project3.c:119)
==3423==    by 0x4009B6: main (project3.c:15)
==3423== 
==3423== 
==3423== 945 errors in context 3 of 4:
==3423== Invalid read of size 4
==3423==    at 0x401425: insertInArray (project3.c:349)
==3423==    by 0x4016F1: getAvgDegreeOfSecondNode (project3.c:430)
==3423==    by 0x400D07: parseInputFile (project3.c:129)
==3423==    by 0x4009B6: main (project3.c:15)
==3423==  Address 0x5ccdd7c is 4 bytes before a block of size 2,000 alloc'd
==3423==    at 0x4C2AB80: malloc (in /usr/lib/valgrind/vgpreload_memcheck-amd64-linux.so)
==3423==    by 0x4015B9: getAvgDegreeOfSecondNode (project3.c:409)
==3423==    by 0x400D07: parseInputFile (project3.c:129)
==3423==    by 0x4009B6: main (project3.c:15)
==3423== 
==3423== 
==3423== 1091 errors in context 4 of 4:
==3423== Invalid read of size 4
==3423==    at 0x401425: insertInArray (project3.c:349)
==3423==    by 0x4016F1: getAvgDegreeOfSecondNode (project3.c:430)
==3423==    by 0x400C84: parseInputFile (project3.c:121)
==3423==    by 0x4009B6: main (project3.c:15)
==3423==  Address 0x5ad3ebc is 4 bytes before a block of size 2,000 alloc'd
==3423==    at 0x4C2AB80: malloc (in /usr/lib/valgrind/vgpreload_memcheck-amd64-linux.so)
==3423==    by 0x4015B9: getAvgDegreeOfSecondNode (project3.c:409)
==3423==    by 0x400C84: parseInputFile (project3.c:121)
==3423==    by 0x4009B6: main (project3.c:15)
==3423== 
==3423== ERROR SUMMARY: 2039 errors from 4 contexts (suppressed: 0 from 0)
